/home/woot/ros2_ws/install/py_pubsub/lib/python3.10/site-packages/py_pubsub/camera_pub.py
/home/woot/ros2_ws/install/py_pubsub/lib/python3.10/site-packages/py_pubsub/gui_test.py
/home/woot/ros2_ws/install/py_pubsub/lib/python3.10/site-packages/py_pubsub/__init__.py
/home/woot/ros2_ws/install/py_pubsub/lib/python3.10/site-packages/py_pubsub/publisher_member_function.py
/home/woot/ros2_ws/install/py_pubsub/lib/python3.10/site-packages/py_pubsub/video_sub.py
/home/woot/ros2_ws/install/py_pubsub/lib/python3.10/site-packages/py_pubsub/__pycache__/camera_pub.cpython-310.pyc
/home/woot/ros2_ws/install/py_pubsub/lib/python3.10/site-packages/py_pubsub/__pycache__/gui_test.cpython-310.pyc
/home/woot/ros2_ws/install/py_pubsub/lib/python3.10/site-packages/py_pubsub/__pycache__/__init__.cpython-310.pyc
/home/woot/ros2_ws/install/py_pubsub/lib/python3.10/site-packages/py_pubsub/__pycache__/publisher_member_function.cpython-310.pyc
/home/woot/ros2_ws/install/py_pubsub/lib/python3.10/site-packages/py_pubsub/__pycache__/video_sub.cpython-310.pyc
/home/woot/ros2_ws/install/py_pubsub/share/ament_index/resource_index/packages/py_pubsub
/home/woot/ros2_ws/install/py_pubsub/share/py_pubsub/package.xml
/home/woot/ros2_ws/install/py_pubsub/lib/python3.10/site-packages/py_pubsub-0.0.0-py3.10.egg-info/top_level.txt
/home/woot/ros2_ws/install/py_pubsub/lib/python3.10/site-packages/py_pubsub-0.0.0-py3.10.egg-info/dependency_links.txt
/home/woot/ros2_ws/install/py_pubsub/lib/python3.10/site-packages/py_pubsub-0.0.0-py3.10.egg-info/SOURCES.txt
/home/woot/ros2_ws/install/py_pubsub/lib/python3.10/site-packages/py_pubsub-0.0.0-py3.10.egg-info/entry_points.txt
/home/woot/ros2_ws/install/py_pubsub/lib/python3.10/site-packages/py_pubsub-0.0.0-py3.10.egg-info/requires.txt
/home/woot/ros2_ws/install/py_pubsub/lib/python3.10/site-packages/py_pubsub-0.0.0-py3.10.egg-info/zip-safe
/home/woot/ros2_ws/install/py_pubsub/lib/python3.10/site-packages/py_pubsub-0.0.0-py3.10.egg-info/PKG-INFO
/home/woot/ros2_ws/install/py_pubsub/lib/py_pubsub/listener
/home/woot/ros2_ws/install/py_pubsub/lib/py_pubsub/talker
