[0.330s] Invoking command in '/home/woot/ros2_ws/src/py_pubsub': PYTHONPATH=/home/woot/ros2_ws/build/py_pubsub/prefix_override:/home/woot/ros2_ws/install/py_pubsub/lib/python3.10/site-packages:${PYTHONPATH} /usr/bin/python3 setup.py egg_info --egg-base ../../build/py_pubsub build --build-base /home/woot/ros2_ws/build/py_pubsub/build install --record /home/woot/ros2_ws/build/py_pubsub/install.log --single-version-externally-managed
[0.454s] running egg_info
[0.454s] writing ../../build/py_pubsub/py_pubsub.egg-info/PKG-INFO
[0.454s] writing dependency_links to ../../build/py_pubsub/py_pubsub.egg-info/dependency_links.txt
[0.454s] writing entry points to ../../build/py_pubsub/py_pubsub.egg-info/entry_points.txt
[0.455s] writing requirements to ../../build/py_pubsub/py_pubsub.egg-info/requires.txt
[0.455s] writing top-level names to ../../build/py_pubsub/py_pubsub.egg-info/top_level.txt
[0.456s] reading manifest file '../../build/py_pubsub/py_pubsub.egg-info/SOURCES.txt'
[0.456s] writing manifest file '../../build/py_pubsub/py_pubsub.egg-info/SOURCES.txt'
[0.456s] running build
[0.456s] running build_py
[0.456s] running install
[0.457s] running install_lib
[0.457s] running install_data
[0.458s] running install_egg_info
[0.459s] removing '/home/woot/ros2_ws/install/py_pubsub/lib/python3.10/site-packages/py_pubsub-0.0.0-py3.10.egg-info' (and everything under it)
[0.459s] Copying ../../build/py_pubsub/py_pubsub.egg-info to /home/woot/ros2_ws/install/py_pubsub/lib/python3.10/site-packages/py_pubsub-0.0.0-py3.10.egg-info
[0.459s] running install_scripts
[0.472s] Installing listener script to /home/woot/ros2_ws/install/py_pubsub/lib/py_pubsub
[0.472s] Installing talker script to /home/woot/ros2_ws/install/py_pubsub/lib/py_pubsub
[0.472s] writing list of installed files to '/home/woot/ros2_ws/build/py_pubsub/install.log'
[0.487s] Invoked command in '/home/woot/ros2_ws/src/py_pubsub' returned '0': PYTHONPATH=/home/woot/ros2_ws/build/py_pubsub/prefix_override:/home/woot/ros2_ws/install/py_pubsub/lib/python3.10/site-packages:${PYTHONPATH} /usr/bin/python3 setup.py egg_info --egg-base ../../build/py_pubsub build --build-base /home/woot/ros2_ws/build/py_pubsub/build install --record /home/woot/ros2_ws/build/py_pubsub/install.log --single-version-externally-managed
