[0.383s] Invoking command in '/home/woot/ros2_ws/src/py_pubsub': PYTHONPATH=/home/woot/ros2_ws/build/py_pubsub/prefix_override:/home/woot/ros2_ws/install/py_pubsub/lib/python3.10/site-packages:${PYTHONPATH} /usr/bin/python3 setup.py egg_info --egg-base ../../build/py_pubsub build --build-base /home/woot/ros2_ws/build/py_pubsub/build install --record /home/woot/ros2_ws/build/py_pubsub/install.log --single-version-externally-managed
[0.506s] running egg_info
[0.507s] writing ../../build/py_pubsub/py_pubsub.egg-info/PKG-INFO
[0.507s] writing dependency_links to ../../build/py_pubsub/py_pubsub.egg-info/dependency_links.txt
[0.508s] writing entry points to ../../build/py_pubsub/py_pubsub.egg-info/entry_points.txt
[0.508s] writing requirements to ../../build/py_pubsub/py_pubsub.egg-info/requires.txt
[0.508s] writing top-level names to ../../build/py_pubsub/py_pubsub.egg-info/top_level.txt
[0.508s] reading manifest file '../../build/py_pubsub/py_pubsub.egg-info/SOURCES.txt'
[0.509s] writing manifest file '../../build/py_pubsub/py_pubsub.egg-info/SOURCES.txt'
[0.509s] running build
[0.509s] running build_py
[0.511s] running install
[0.511s] running install_lib
[0.513s] running install_data
[0.514s] running install_egg_info
[0.515s] removing '/home/woot/ros2_ws/install/py_pubsub/lib/python3.10/site-packages/py_pubsub-0.0.0-py3.10.egg-info' (and everything under it)
[0.515s] Copying ../../build/py_pubsub/py_pubsub.egg-info to /home/woot/ros2_ws/install/py_pubsub/lib/python3.10/site-packages/py_pubsub-0.0.0-py3.10.egg-info
[0.516s] running install_scripts
[0.528s] Installing talker script to /home/woot/ros2_ws/install/py_pubsub/lib/py_pubsub
[0.529s] writing list of installed files to '/home/woot/ros2_ws/build/py_pubsub/install.log'
[0.544s] Invoked command in '/home/woot/ros2_ws/src/py_pubsub' returned '0': PYTHONPATH=/home/woot/ros2_ws/build/py_pubsub/prefix_override:/home/woot/ros2_ws/install/py_pubsub/lib/python3.10/site-packages:${PYTHONPATH} /usr/bin/python3 setup.py egg_info --egg-base ../../build/py_pubsub build --build-base /home/woot/ros2_ws/build/py_pubsub/build install --record /home/woot/ros2_ws/build/py_pubsub/install.log --single-version-externally-managed
