[0.333s] Invoking command in '/home/woot/ros2_ws/src/py_pubsub': PYTHONPATH=/home/woot/ros2_ws/build/py_pubsub/prefix_override:/home/woot/ros2_ws/install/py_pubsub/lib/python3.10/site-packages:${PYTHONPATH} /usr/bin/python3 setup.py egg_info --egg-base ../../build/py_pubsub build --build-base /home/woot/ros2_ws/build/py_pubsub/build install --record /home/woot/ros2_ws/build/py_pubsub/install.log --single-version-externally-managed
[0.457s] running egg_info
[0.458s] writing ../../build/py_pubsub/py_pubsub.egg-info/PKG-INFO
[0.458s] writing dependency_links to ../../build/py_pubsub/py_pubsub.egg-info/dependency_links.txt
[0.458s] writing entry points to ../../build/py_pubsub/py_pubsub.egg-info/entry_points.txt
[0.458s] writing requirements to ../../build/py_pubsub/py_pubsub.egg-info/requires.txt
[0.458s] writing top-level names to ../../build/py_pubsub/py_pubsub.egg-info/top_level.txt
[0.459s] reading manifest file '../../build/py_pubsub/py_pubsub.egg-info/SOURCES.txt'
[0.459s] writing manifest file '../../build/py_pubsub/py_pubsub.egg-info/SOURCES.txt'
[0.459s] running build
[0.460s] running build_py
[0.460s] running install
[0.460s] running install_lib
[0.461s] running install_data
[0.461s] running install_egg_info
[0.462s] removing '/home/woot/ros2_ws/install/py_pubsub/lib/python3.10/site-packages/py_pubsub-0.0.0-py3.10.egg-info' (and everything under it)
[0.462s] Copying ../../build/py_pubsub/py_pubsub.egg-info to /home/woot/ros2_ws/install/py_pubsub/lib/python3.10/site-packages/py_pubsub-0.0.0-py3.10.egg-info
[0.463s] running install_scripts
[0.475s] Installing listener script to /home/woot/ros2_ws/install/py_pubsub/lib/py_pubsub
[0.475s] Installing talker script to /home/woot/ros2_ws/install/py_pubsub/lib/py_pubsub
[0.475s] writing list of installed files to '/home/woot/ros2_ws/build/py_pubsub/install.log'
[0.490s] Invoked command in '/home/woot/ros2_ws/src/py_pubsub' returned '0': PYTHONPATH=/home/woot/ros2_ws/build/py_pubsub/prefix_override:/home/woot/ros2_ws/install/py_pubsub/lib/python3.10/site-packages:${PYTHONPATH} /usr/bin/python3 setup.py egg_info --egg-base ../../build/py_pubsub build --build-base /home/woot/ros2_ws/build/py_pubsub/build install --record /home/woot/ros2_ws/build/py_pubsub/install.log --single-version-externally-managed
