[0.311s] Invoking command in '/home/woot/ros2_ws/src/py_pubsub': PYTHONPATH=/home/woot/ros2_ws/build/py_pubsub/prefix_override:/home/woot/ros2_ws/install/py_pubsub/lib/python3.10/site-packages:${PYTHONPATH} /usr/bin/python3 setup.py egg_info --egg-base ../../build/py_pubsub build --build-base /home/woot/ros2_ws/build/py_pubsub/build install --record /home/woot/ros2_ws/build/py_pubsub/install.log --single-version-externally-managed
[0.427s] running egg_info
[0.428s] creating ../../build/py_pubsub/py_pubsub.egg-info
[0.428s] writing ../../build/py_pubsub/py_pubsub.egg-info/PKG-INFO
[0.428s] writing dependency_links to ../../build/py_pubsub/py_pubsub.egg-info/dependency_links.txt
[0.428s] writing entry points to ../../build/py_pubsub/py_pubsub.egg-info/entry_points.txt
[0.428s] writing requirements to ../../build/py_pubsub/py_pubsub.egg-info/requires.txt
[0.428s] writing top-level names to ../../build/py_pubsub/py_pubsub.egg-info/top_level.txt
[0.428s] writing manifest file '../../build/py_pubsub/py_pubsub.egg-info/SOURCES.txt'
[0.429s] reading manifest file '../../build/py_pubsub/py_pubsub.egg-info/SOURCES.txt'
[0.430s] writing manifest file '../../build/py_pubsub/py_pubsub.egg-info/SOURCES.txt'
[0.430s] running build
[0.430s] running build_py
[0.430s] creating /home/woot/ros2_ws/build/py_pubsub/build
[0.430s] creating /home/woot/ros2_ws/build/py_pubsub/build/lib
[0.430s] creating /home/woot/ros2_ws/build/py_pubsub/build/lib/py_pubsub
[0.430s] copying py_pubsub/camera_pub.py -> /home/woot/ros2_ws/build/py_pubsub/build/lib/py_pubsub
[0.430s] copying py_pubsub/__init__.py -> /home/woot/ros2_ws/build/py_pubsub/build/lib/py_pubsub
[0.431s] copying py_pubsub/publisher_member_function.py -> /home/woot/ros2_ws/build/py_pubsub/build/lib/py_pubsub
[0.438s] copying py_pubsub/video_sub.py -> /home/woot/ros2_ws/build/py_pubsub/build/lib/py_pubsub
[0.438s] running install
[0.438s] /usr/lib/python3/dist-packages/setuptools/command/install.py:34: SetuptoolsDeprecationWarning: setup.py install is deprecated. Use build and pip and other standards-based tools.
[0.438s]   warnings.warn(
[0.438s] running install_lib
[0.439s] creating /home/woot/ros2_ws/install/py_pubsub/lib/python3.10/site-packages/py_pubsub
[0.439s] copying /home/woot/ros2_ws/build/py_pubsub/build/lib/py_pubsub/camera_pub.py -> /home/woot/ros2_ws/install/py_pubsub/lib/python3.10/site-packages/py_pubsub
[0.439s] copying /home/woot/ros2_ws/build/py_pubsub/build/lib/py_pubsub/__init__.py -> /home/woot/ros2_ws/install/py_pubsub/lib/python3.10/site-packages/py_pubsub
[0.439s] copying /home/woot/ros2_ws/build/py_pubsub/build/lib/py_pubsub/publisher_member_function.py -> /home/woot/ros2_ws/install/py_pubsub/lib/python3.10/site-packages/py_pubsub
[0.439s] copying /home/woot/ros2_ws/build/py_pubsub/build/lib/py_pubsub/video_sub.py -> /home/woot/ros2_ws/install/py_pubsub/lib/python3.10/site-packages/py_pubsub
[0.439s] byte-compiling /home/woot/ros2_ws/install/py_pubsub/lib/python3.10/site-packages/py_pubsub/camera_pub.py to camera_pub.cpython-310.pyc
[0.440s] byte-compiling /home/woot/ros2_ws/install/py_pubsub/lib/python3.10/site-packages/py_pubsub/__init__.py to __init__.cpython-310.pyc
[0.440s] byte-compiling /home/woot/ros2_ws/install/py_pubsub/lib/python3.10/site-packages/py_pubsub/publisher_member_function.py to publisher_member_function.cpython-310.pyc
[0.440s] byte-compiling /home/woot/ros2_ws/install/py_pubsub/lib/python3.10/site-packages/py_pubsub/video_sub.py to video_sub.cpython-310.pyc
[0.441s] running install_data
[0.441s] creating /home/woot/ros2_ws/install/py_pubsub/share/ament_index
[0.441s] creating /home/woot/ros2_ws/install/py_pubsub/share/ament_index/resource_index
[0.441s] creating /home/woot/ros2_ws/install/py_pubsub/share/ament_index/resource_index/packages
[0.441s] copying resource/py_pubsub -> /home/woot/ros2_ws/install/py_pubsub/share/ament_index/resource_index/packages
[0.441s] copying package.xml -> /home/woot/ros2_ws/install/py_pubsub/share/py_pubsub
[0.441s] running install_egg_info
[0.442s] Copying ../../build/py_pubsub/py_pubsub.egg-info to /home/woot/ros2_ws/install/py_pubsub/lib/python3.10/site-packages/py_pubsub-0.0.0-py3.10.egg-info
[0.443s] running install_scripts
[0.456s] Installing talker script to /home/woot/ros2_ws/install/py_pubsub/bin
[0.456s] writing list of installed files to '/home/woot/ros2_ws/build/py_pubsub/install.log'
[0.471s] Invoked command in '/home/woot/ros2_ws/src/py_pubsub' returned '0': PYTHONPATH=/home/woot/ros2_ws/build/py_pubsub/prefix_override:/home/woot/ros2_ws/install/py_pubsub/lib/python3.10/site-packages:${PYTHONPATH} /usr/bin/python3 setup.py egg_info --egg-base ../../build/py_pubsub build --build-base /home/woot/ros2_ws/build/py_pubsub/build install --record /home/woot/ros2_ws/build/py_pubsub/install.log --single-version-externally-managed
